Initializing new StandardEnvironment
Adding [systemProperties] PropertySource with lowest search precedence
Adding [systemEnvironment] PropertySource with lowest search precedence
Initialized StandardEnvironment with PropertySources [systemProperties,systemEnvironment]
Refreshing org.springframework.context.support.ClassPathXmlApplicationContext@86d1da: startup date [Sun Apr 06 23:34:55 MDT 2014]; root of context hierarchy
Initializing new StandardEnvironment
Adding [systemProperties] PropertySource with lowest search precedence
Adding [systemEnvironment] PropertySource with lowest search precedence
Initialized StandardEnvironment with PropertySources [systemProperties,systemEnvironment]
Loading XML bean definitions from URL [file:C:/Users/andy/Documents/VMS/FloridaLawyer/Bar/Lawyers.xml]
Using JAXP provider [org.apache.xerces.jaxp.DocumentBuilderFactoryImpl]
Loading schema mappings from [META-INF/spring.schemas]
Loaded schema mappings: {http://www.springframework.org/schema/tx/spring-tx-2.5.xsd=org/springframework/transaction/config/spring-tx-2.5.xsd, http://www.springframework.org/schema/context/spring-context-3.1.xsd=org/springframework/context/config/spring-context-3.1.xsd, http://www.springframework.org/schema/jms/spring-jms-2.5.xsd=org/springframework/jms/config/spring-jms-2.5.xsd, http://www.springframework.org/schema/util/spring-util-3.0.xsd=org/springframework/beans/factory/xml/spring-util-3.0.xsd, http://www.springframework.org/schema/tool/spring-tool.xsd=org/springframework/beans/factory/xml/spring-tool-4.0.xsd, http://www.springframework.org/schema/aop/spring-aop-3.2.xsd=org/springframework/aop/config/spring-aop-3.2.xsd, http://www.springframework.org/schema/context/spring-context-4.0.xsd=org/springframework/context/config/spring-context-4.0.xsd, http://www.springframework.org/schema/mvc/spring-mvc-3.2.xsd=org/springframework/web/servlet/config/spring-mvc-3.2.xsd, http://www.springframework.org/schema/oxm/spring-oxm-3.0.xsd=org/springframework/oxm/config/spring-oxm-3.0.xsd, http://www.springframework.org/schema/lang/spring-lang-3.2.xsd=org/springframework/scripting/config/spring-lang-3.2.xsd, http://www.springframework.org/schema/cache/spring-cache-3.2.xsd=org/springframework/cache/config/spring-cache-3.2.xsd, http://www.springframework.org/schema/jdbc/spring-jdbc-3.1.xsd=org/springframework/jdbc/config/spring-jdbc-3.1.xsd, http://www.springframework.org/schema/util/spring-util-2.0.xsd=org/springframework/beans/factory/xml/spring-util-2.0.xsd, http://www.springframework.org/schema/tool/spring-tool-3.2.xsd=org/springframework/beans/factory/xml/spring-tool-3.2.xsd, http://www.springframework.org/schema/context/spring-context.xsd=org/springframework/context/config/spring-context-4.0.xsd, http://www.springframework.org/schema/aop/spring-aop-4.0.xsd=org/springframework/aop/config/spring-aop-4.0.xsd, http://www.springframework.org/schema/jee/spring-jee-3.2.xsd=org/springframework/ejb/config/spring-jee-3.2.xsd, http://www.springframework.org/schema/context/spring-context-3.0.xsd=org/springframework/context/config/spring-context-3.0.xsd, http://www.springframework.org/schema/jdbc/spring-jdbc-4.0.xsd=org/springframework/jdbc/config/spring-jdbc-4.0.xsd, http://www.springframework.org/schema/mvc/spring-mvc-4.0.xsd=org/springframework/web/servlet/config/spring-mvc-4.0.xsd, http://www.springframework.org/schema/util/spring-util-2.5.xsd=org/springframework/beans/factory/xml/spring-util-2.5.xsd, http://www.springframework.org/schema/beans/spring-beans-3.2.xsd=org/springframework/beans/factory/xml/spring-beans-3.2.xsd, http://www.springframework.org/schema/aop/spring-aop-3.1.xsd=org/springframework/aop/config/spring-aop-3.1.xsd, http://www.springframework.org/schema/lang/spring-lang-4.0.xsd=org/springframework/scripting/config/spring-lang-4.0.xsd, http://www.springframework.org/schema/mvc/spring-mvc.xsd=org/springframework/web/servlet/config/spring-mvc-4.0.xsd, http://www.springframework.org/schema/mvc/spring-mvc-3.1.xsd=org/springframework/web/servlet/config/spring-mvc-3.1.xsd, http://www.springframework.org/schema/tool/spring-tool-4.0.xsd=org/springframework/beans/factory/xml/spring-tool-4.0.xsd, http://www.springframework.org/schema/tx/spring-tx-3.2.xsd=org/springframework/transaction/config/spring-tx-3.2.xsd, http://www.springframework.org/schema/lang/spring-lang-3.1.xsd=org/springframework/scripting/config/spring-lang-3.1.xsd, http://www.springframework.org/schema/cache/spring-cache-3.1.xsd=org/springframework/cache/config/spring-cache-3.1.xsd, http://www.springframework.org/schema/jee/spring-jee-4.0.xsd=org/springframework/ejb/config/spring-jee-4.0.xsd, http://www.springframework.org/schema/jdbc/spring-jdbc-3.0.xsd=org/springframework/jdbc/config/spring-jdbc-3.0.xsd, http://www.springframework.org/schema/jdbc/spring-jdbc.xsd=org/springframework/jdbc/config/spring-jdbc-4.0.xsd, http://www.springframework.org/schema/tool/spring-tool-3.1.xsd=org/springframework/beans/factory/xml/spring-tool-3.1.xsd, http://www.springframework.org/schema/cache/spring-cache-4.0.xsd=org/springframework/cache/config/spring-cache-4.0.xsd, http://www.springframework.org/schema/jee/spring-jee-3.1.xsd=org/springframework/ejb/config/spring-jee-3.1.xsd, http://www.springframework.org/schema/task/spring-task-3.2.xsd=org/springframework/scheduling/config/spring-task-3.2.xsd, http://www.springframework.org/schema/beans/spring-beans-3.1.xsd=org/springframework/beans/factory/xml/spring-beans-3.1.xsd, http://www.springframework.org/schema/util/spring-util.xsd=org/springframework/beans/factory/xml/spring-util-4.0.xsd, http://www.springframework.org/schema/aop/spring-aop-3.0.xsd=org/springframework/aop/config/spring-aop-3.0.xsd, http://www.springframework.org/schema/jms/spring-jms-3.2.xsd=org/springframework/jms/config/spring-jms-3.2.xsd, http://www.springframework.org/schema/mvc/spring-mvc-3.0.xsd=org/springframework/web/servlet/config/spring-mvc-3.0.xsd, http://www.springframework.org/schema/beans/spring-beans-4.0.xsd=org/springframework/beans/factory/xml/spring-beans-4.0.xsd, http://www.springframework.org/schema/beans/spring-beans.xsd=org/springframework/beans/factory/xml/spring-beans-4.0.xsd, http://www.springframework.org/schema/tx/spring-tx-3.1.xsd=org/springframework/transaction/config/spring-tx-3.1.xsd, http://www.springframework.org/schema/lang/spring-lang-3.0.xsd=org/springframework/scripting/config/spring-lang-3.0.xsd, http://www.springframework.org/schema/context/spring-context-2.5.xsd=org/springframework/context/config/spring-context-2.5.xsd, http://www.springframework.org/schema/task/spring-task-4.0.xsd=org/springframework/scheduling/config/spring-task-4.0.xsd, http://www.springframework.org/schema/tool/spring-tool-3.0.xsd=org/springframework/beans/factory/xml/spring-tool-3.0.xsd, http://www.springframework.org/schema/tx/spring-tx-4.0.xsd=org/springframework/transaction/config/spring-tx-4.0.xsd, http://www.springframework.org/schema/aop/spring-aop-2.0.xsd=org/springframework/aop/config/spring-aop-2.0.xsd, http://www.springframework.org/schema/jee/spring-jee-3.0.xsd=org/springframework/ejb/config/spring-jee-3.0.xsd, http://www.springframework.org/schema/task/spring-task-3.1.xsd=org/springframework/scheduling/config/spring-task-3.1.xsd, http://www.springframework.org/schema/beans/spring-beans-3.0.xsd=org/springframework/beans/factory/xml/spring-beans-3.0.xsd, http://www.springframework.org/schema/websocket/spring-websocket.xsd=org/springframework/web/socket/config/spring-websocket-4.0.xsd, http://www.springframework.org/schema/jee/spring-jee.xsd=org/springframework/ejb/config/spring-jee-4.0.xsd, http://www.springframework.org/schema/aop/spring-aop-2.5.xsd=org/springframework/aop/config/spring-aop-2.5.xsd, http://www.springframework.org/schema/jms/spring-jms.xsd=org/springframework/jms/config/spring-jms-4.0.xsd, http://www.springframework.org/schema/lang/spring-lang-2.0.xsd=org/springframework/scripting/config/spring-lang-2.0.xsd, http://www.springframework.org/schema/oxm/spring-oxm.xsd=org/springframework/oxm/config/spring-oxm-4.0.xsd, http://www.springframework.org/schema/jms/spring-jms-3.1.xsd=org/springframework/jms/config/spring-jms-3.1.xsd, http://www.springframework.org/schema/util/spring-util-3.2.xsd=org/springframework/beans/factory/xml/spring-util-3.2.xsd, http://www.springframework.org/schema/task/spring-task.xsd=org/springframework/scheduling/config/spring-task-4.0.xsd, http://www.springframework.org/schema/tool/spring-tool-2.0.xsd=org/springframework/beans/factory/xml/spring-tool-2.0.xsd, http://www.springframework.org/schema/tx/spring-tx-3.0.xsd=org/springframework/transaction/config/spring-tx-3.0.xsd, http://www.springframework.org/schema/lang/spring-lang-2.5.xsd=org/springframework/scripting/config/spring-lang-2.5.xsd, http://www.springframework.org/schema/jee/spring-jee-2.0.xsd=org/springframework/ejb/config/spring-jee-2.0.xsd, http://www.springframework.org/schema/jms/spring-jms-4.0.xsd=org/springframework/jms/config/spring-jms-4.0.xsd, http://www.springframework.org/schema/oxm/spring-oxm-3.2.xsd=org/springframework/oxm/config/spring-oxm-3.2.xsd, http://www.springframework.org/schema/tool/spring-tool-2.5.xsd=org/springframework/beans/factory/xml/spring-tool-2.5.xsd, http://www.springframework.org/schema/jee/spring-jee-2.5.xsd=org/springframework/ejb/config/spring-jee-2.5.xsd, http://www.springframework.org/schema/util/spring-util-4.0.xsd=org/springframework/beans/factory/xml/spring-util-4.0.xsd, http://www.springframework.org/schema/task/spring-task-3.0.xsd=org/springframework/scheduling/config/spring-task-3.0.xsd, http://www.springframework.org/schema/lang/spring-lang.xsd=org/springframework/scripting/config/spring-lang-4.0.xsd, http://www.springframework.org/schema/context/spring-context-3.2.xsd=org/springframework/context/config/spring-context-3.2.xsd, http://www.springframework.org/schema/jms/spring-jms-3.0.xsd=org/springframework/jms/config/spring-jms-3.0.xsd, http://www.springframework.org/schema/util/spring-util-3.1.xsd=org/springframework/beans/factory/xml/spring-util-3.1.xsd, http://www.springframework.org/schema/beans/spring-beans-2.0.xsd=org/springframework/beans/factory/xml/spring-beans-2.0.xsd, http://www.springframework.org/schema/oxm/spring-oxm-4.0.xsd=org/springframework/oxm/config/spring-oxm-4.0.xsd, http://www.springframework.org/schema/cache/spring-cache.xsd=org/springframework/cache/config/spring-cache-4.0.xsd, http://www.springframework.org/schema/tx/spring-tx.xsd=org/springframework/transaction/config/spring-tx-4.0.xsd, http://www.springframework.org/schema/beans/spring-beans-2.5.xsd=org/springframework/beans/factory/xml/spring-beans-2.5.xsd, http://www.springframework.org/schema/oxm/spring-oxm-3.1.xsd=org/springframework/oxm/config/spring-oxm-3.1.xsd, http://www.springframework.org/schema/tx/spring-tx-2.0.xsd=org/springframework/transaction/config/spring-tx-2.0.xsd, http://www.springframework.org/schema/jdbc/spring-jdbc-3.2.xsd=org/springframework/jdbc/config/spring-jdbc-3.2.xsd, http://www.springframework.org/schema/aop/spring-aop.xsd=org/springframework/aop/config/spring-aop-4.0.xsd, http://www.springframework.org/schema/websocket/spring-websocket-4.0.xsd=org/springframework/web/socket/config/spring-websocket-4.0.xsd}
Found XML schema [http://www.springframework.org/schema/beans/spring-beans-4.0.xsd] in classpath: org/springframework/beans/factory/xml/spring-beans-4.0.xsd
Found XML schema [http://www.springframework.org/schema/context/spring-context-4.0.xsd] in classpath: org/springframework/context/config/spring-context-4.0.xsd
Found XML schema [http://www.springframework.org/schema/tool/spring-tool-4.0.xsd] in classpath: org/springframework/beans/factory/xml/spring-tool-4.0.xsd
Found XML schema [http://www.springframework.org/schema/util/spring-util-4.0.xsd] in classpath: org/springframework/beans/factory/xml/spring-util-4.0.xsd
Loading bean definitions
Loaded NamespaceHandler mappings: {http://www.springframework.org/schema/p=org.springframework.beans.factory.xml.SimplePropertyNamespaceHandler, http://www.springframework.org/schema/mvc=org.springframework.web.servlet.config.MvcNamespaceHandler, http://www.springframework.org/schema/util=org.springframework.beans.factory.xml.UtilNamespaceHandler, http://www.springframework.org/schema/jee=org.springframework.ejb.config.JeeNamespaceHandler, http://www.springframework.org/schema/websocket=org.springframework.web.socket.config.WebSocketNamespaceHandler, http://www.springframework.org/schema/aop=org.springframework.aop.config.AopNamespaceHandler, http://www.springframework.org/schema/oxm=org.springframework.oxm.config.OxmNamespaceHandler, http://www.springframework.org/schema/jdbc=org.springframework.jdbc.config.JdbcNamespaceHandler, http://www.springframework.org/schema/cache=org.springframework.cache.config.CacheNamespaceHandler, http://www.springframework.org/schema/c=org.springframework.beans.factory.xml.SimpleConstructorNamespaceHandler, http://www.springframework.org/schema/tx=org.springframework.transaction.config.TxNamespaceHandler, http://www.springframework.org/schema/jms=org.springframework.jms.config.JmsNamespaceHandler, http://www.springframework.org/schema/task=org.springframework.scheduling.config.TaskNamespaceHandler, http://www.springframework.org/schema/lang=org.springframework.scripting.config.LangNamespaceHandler, http://www.springframework.org/schema/context=org.springframework.context.config.ContextNamespaceHandler}
Initializing new StandardEnvironment
Adding [systemProperties] PropertySource with lowest search precedence
Adding [systemEnvironment] PropertySource with lowest search precedence
Initialized StandardEnvironment with PropertySources [systemProperties,systemEnvironment]
Looking for matching resources in directory tree [C:\Users\andy\git\hygenicsz\DECcrawerl\target\classes\com\hygenics\crawler]
Searching directory [C:\Users\andy\git\hygenicsz\DECcrawerl\target\classes\com\hygenics\crawler] for files matching pattern [C:/Users/andy/git/hygenicsz/DECcrawerl/target/classes/com/hygenics/crawler/**/*.class]
Resolved location pattern [classpath*:com/hygenics/crawler/**/*.class] to resources [file [C:\Users\andy\git\hygenicsz\DECcrawerl\target\classes\com\hygenics\crawler\ActivitiesStack.class], file [C:\Users\andy\git\hygenicsz\DECcrawerl\target\classes\com\hygenics\crawler\BreakMultiple$Break.class], file [C:\Users\andy\git\hygenicsz\DECcrawerl\target\classes\com\hygenics\crawler\BreakMultiple$GetFromDB.class], file [C:\Users\andy\git\hygenicsz\DECcrawerl\target\classes\com\hygenics\crawler\BreakMultiple$SplitPost.class], file [C:\Users\andy\git\hygenicsz\DECcrawerl\target\classes\com\hygenics\crawler\BreakMultiple.class], file [C:\Users\andy\git\hygenicsz\DECcrawerl\target\classes\com\hygenics\crawler\CleanImages.class], file [C:\Users\andy\git\hygenicsz\DECcrawerl\target\classes\com\hygenics\crawler\CommandDump$ToFile.class], file [C:\Users\andy\git\hygenicsz\DECcrawerl\target\classes\com\hygenics\crawler\CommandDump.class], file [C:\Users\andy\git\hygenicsz\DECcrawerl\target\classes\com\hygenics\crawler\CreateTable.class], file [C:\Users\andy\git\hygenicsz\DECcrawerl\target\classes\com\hygenics\crawler\DetectSilhuoette$Hash.class], file [C:\Users\andy\git\hygenicsz\DECcrawerl\target\classes\com\hygenics\crawler\DetectSilhuoette.class], file [C:\Users\andy\git\hygenicsz\DECcrawerl\target\classes\com\hygenics\crawler\DropTables.class], file [C:\Users\andy\git\hygenicsz\DECcrawerl\target\classes\com\hygenics\crawler\DumptoText$Queue$Instance.class], file [C:\Users\andy\git\hygenicsz\DECcrawerl\target\classes\com\hygenics\crawler\DumptoText$Queue.class], file [C:\Users\andy\git\hygenicsz\DECcrawerl\target\classes\com\hygenics\crawler\DumptoText$Tokenize.class], file [C:\Users\andy\git\hygenicsz\DECcrawerl\target\classes\com\hygenics\crawler\DumptoText$Write.class], file [C:\Users\andy\git\hygenicsz\DECcrawerl\target\classes\com\hygenics\crawler\DumptoText.class], file [C:\Users\andy\git\hygenicsz\DECcrawerl\target\classes\com\hygenics\crawler\ExecuteProcess$RedirectStream.class], file [C:\Users\andy\git\hygenicsz\DECcrawerl\target\classes\com\hygenics\crawler\ExecuteProcess.class], file [C:\Users\andy\git\hygenicsz\DECcrawerl\target\classes\com\hygenics\crawler\ExecuteSQL.class], file [C:\Users\andy\git\hygenicsz\DECcrawerl\target\classes\com\hygenics\crawler\ForceConformity.class], file [C:\Users\andy\git\hygenicsz\DECcrawerl\target\classes\com\hygenics\crawler\GenandSetHash.class], file [C:\Users\andy\git\hygenicsz\DECcrawerl\target\classes\com\hygenics\crawler\Generate.class], file [C:\Users\andy\git\hygenicsz\DECcrawerl\target\classes\com\hygenics\crawler\GenerateInput.class], file [C:\Users\andy\git\hygenicsz\DECcrawerl\target\classes\com\hygenics\crawler\getDAOTemplate$1.class], file [C:\Users\andy\git\hygenicsz\DECcrawerl\target\classes\com\hygenics\crawler\getDAOTemplate$2.class], file [C:\Users\andy\git\hygenicsz\DECcrawerl\target\classes\com\hygenics\crawler\getDAOTemplate$3.class], file [C:\Users\andy\git\hygenicsz\DECcrawerl\target\classes\com\hygenics\crawler\getDAOTemplate$4.class], file [C:\Users\andy\git\hygenicsz\DECcrawerl\target\classes\com\hygenics\crawler\getDAOTemplate$5.class], file [C:\Users\andy\git\hygenicsz\DECcrawerl\target\classes\com\hygenics\crawler\getDAOTemplate$6.class], file [C:\Users\andy\git\hygenicsz\DECcrawerl\target\classes\com\hygenics\crawler\getDAOTemplate$7.class], file [C:\Users\andy\git\hygenicsz\DECcrawerl\target\classes\com\hygenics\crawler\getDAOTemplate$8.class], file [C:\Users\andy\git\hygenicsz\DECcrawerl\target\classes\com\hygenics\crawler\getDAOTemplate$9.class], file [C:\Users\andy\git\hygenicsz\DECcrawerl\target\classes\com\hygenics\crawler\getDAOTemplate.class], file [C:\Users\andy\git\hygenicsz\DECcrawerl\target\classes\com\hygenics\crawler\GetFaceMap$ParseMultiPage.class], file [C:\Users\andy\git\hygenicsz\DECcrawerl\target\classes\com\hygenics\crawler\GetFaceMap$SplitPost.class], file [C:\Users\andy\git\hygenicsz\DECcrawerl\target\classes\com\hygenics\crawler\GetFaceMap$SplitQuery.class], file [C:\Users\andy\git\hygenicsz\DECcrawerl\target\classes\com\hygenics\crawler\GetFaceMap.class], file [C:\Users\andy\git\hygenicsz\DECcrawerl\target\classes\com\hygenics\crawler\GetImages.class], file [C:\Users\andy\git\hygenicsz\DECcrawerl\target\classes\com\hygenics\crawler\GetIndividualPages.class], file [C:\Users\andy\git\hygenicsz\DECcrawerl\target\classes\com\hygenics\crawler\GetPages.class], file [C:\Users\andy\git\hygenicsz\DECcrawerl\target\classes\com\hygenics\crawler\HTMLParseObject.class], file [C:\Users\andy\git\hygenicsz\DECcrawerl\target\classes\com\hygenics\crawler\ImageObject.class], file [C:\Users\andy\git\hygenicsz\DECcrawerl\target\classes\com\hygenics\crawler\MainApp.class], file [C:\Users\andy\git\hygenicsz\DECcrawerl\target\classes\com\hygenics\crawler\ParseDispatcher$LoopRegex.class], file [C:\Users\andy\git\hygenicsz\DECcrawerl\target\classes\com\hygenics\crawler\ParseDispatcher$ParseMultiPage.class], file [C:\Users\andy\git\hygenicsz\DECcrawerl\target\classes\com\hygenics\crawler\ParseDispatcher$ParsePage.class], file [C:\Users\andy\git\hygenicsz\DECcrawerl\target\classes\com\hygenics\crawler\ParseDispatcher$SplitPost.class], file [C:\Users\andy\git\hygenicsz\DECcrawerl\target\classes\com\hygenics\crawler\ParseDispatcher$SplitQuery.class], file [C:\Users\andy\git\hygenicsz\DECcrawerl\target\classes\com\hygenics\crawler\ParseDispatcher.class], file [C:\Users\andy\git\hygenicsz\DECcrawerl\target\classes\com\hygenics\crawler\ParseLinkReg.class], file [C:\Users\andy\git\hygenicsz\DECcrawerl\target\classes\com\hygenics\crawler\ParseLinks.class], file [C:\Users\andy\git\hygenicsz\DECcrawerl\target\classes\com\hygenics\crawler\ProxyImage.class], file [C:\Users\andy\git\hygenicsz\DECcrawerl\target\classes\com\hygenics\crawler\RepConn.class], file [C:\Users\andy\git\hygenicsz\DECcrawerl\target\classes\com\hygenics\crawler\RunJob.class], file [C:\Users\andy\git\hygenicsz\DECcrawerl\target\classes\com\hygenics\crawler\RunTransformation.class], file [C:\Users\andy\git\hygenicsz\DECcrawerl\target\classes\com\hygenics\crawler\Send.class], file [C:\Users\andy\git\hygenicsz\DECcrawerl\target\classes\com\hygenics\crawler\SpecifiedDump$ToFile.class], file [C:\Users\andy\git\hygenicsz\DECcrawerl\target\classes\com\hygenics\crawler\SpecifiedDump.class], file [C:\Users\andy\git\hygenicsz\DECcrawerl\target\classes\com\hygenics\crawler\TraditionalCrawler$SplitPost.class], file [C:\Users\andy\git\hygenicsz\DECcrawerl\target\classes\com\hygenics\crawler\TraditionalCrawler.class], file [C:\Users\andy\git\hygenicsz\DECcrawerl\target\classes\com\hygenics\crawler\Truncate.class], file [C:\Users\andy\git\hygenicsz\DECcrawerl\target\classes\com\hygenics\crawler\UpdateFiles.class]]
Loaded 30 bean definitions from location pattern [file:C:\Users\andy\Documents\VMS\FloridaLawyer\Bar\Lawyers.xml]
Bean factory for org.springframework.context.support.ClassPathXmlApplicationContext@86d1da: org.springframework.beans.factory.support.DefaultListableBeanFactory@29b46a: defining beans [org.springframework.context.annotation.internalConfigurationAnnotationProcessor,org.springframework.context.annotation.internalAutowiredAnnotationProcessor,org.springframework.context.annotation.internalRequiredAnnotationProcessor,org.springframework.context.annotation.internalCommonAnnotationProcessor,org.springframework.context.annotation.internalPersistenceAnnotationProcessor,props,p:pullsmap,dataSource,getDAOTemplate,SQL0,CreateTables,Truncate,mailSender,GetPages0,ParsePages0,BreakMultiple0,BreakMultiple1,BreakMultiple2,BreakMultiple3,BreakMultiple4,BreakMultiple5,BreakMultiple6,BreakMultiple7,BreakMultiple8,Job0,getImages,EnforceStandards,SpecDump,Email,ActivitiesStack]; root of factory hierarchy
Creating shared instance of singleton bean 'org.springframework.context.annotation.internalConfigurationAnnotationProcessor'
Creating instance of bean 'org.springframework.context.annotation.internalConfigurationAnnotationProcessor'
Eagerly caching bean 'org.springframework.context.annotation.internalConfigurationAnnotationProcessor' to allow for resolving potential circular references
Finished creating instance of bean 'org.springframework.context.annotation.internalConfigurationAnnotationProcessor'
Creating shared instance of singleton bean 'props'
Creating instance of bean 'props'
Eagerly caching bean 'props' to allow for resolving potential circular references
Finished creating instance of bean 'props'
Loading properties file from URL [file:C:/Users/andy/Documents/VMS/pgconf/pgconf.properties]
Creating shared instance of singleton bean 'org.springframework.context.annotation.internalAutowiredAnnotationProcessor'
Creating instance of bean 'org.springframework.context.annotation.internalAutowiredAnnotationProcessor'
Eagerly caching bean 'org.springframework.context.annotation.internalAutowiredAnnotationProcessor' to allow for resolving potential circular references
Finished creating instance of bean 'org.springframework.context.annotation.internalAutowiredAnnotationProcessor'
Creating shared instance of singleton bean 'org.springframework.context.annotation.internalRequiredAnnotationProcessor'
Creating instance of bean 'org.springframework.context.annotation.internalRequiredAnnotationProcessor'
Eagerly caching bean 'org.springframework.context.annotation.internalRequiredAnnotationProcessor' to allow for resolving potential circular references
Finished creating instance of bean 'org.springframework.context.annotation.internalRequiredAnnotationProcessor'
Creating shared instance of singleton bean 'org.springframework.context.annotation.internalCommonAnnotationProcessor'
Creating instance of bean 'org.springframework.context.annotation.internalCommonAnnotationProcessor'
Eagerly caching bean 'org.springframework.context.annotation.internalCommonAnnotationProcessor' to allow for resolving potential circular references
Finished creating instance of bean 'org.springframework.context.annotation.internalCommonAnnotationProcessor'
Creating shared instance of singleton bean 'org.springframework.context.annotation.internalPersistenceAnnotationProcessor'
Creating instance of bean 'org.springframework.context.annotation.internalPersistenceAnnotationProcessor'
Eagerly caching bean 'org.springframework.context.annotation.internalPersistenceAnnotationProcessor' to allow for resolving potential circular references
Finished creating instance of bean 'org.springframework.context.annotation.internalPersistenceAnnotationProcessor'
Creating shared instance of singleton bean 'org.springframework.context.annotation.ConfigurationClassPostProcessor.importAwareProcessor'
Creating instance of bean 'org.springframework.context.annotation.ConfigurationClassPostProcessor.importAwareProcessor'
Eagerly caching bean 'org.springframework.context.annotation.ConfigurationClassPostProcessor.importAwareProcessor' to allow for resolving potential circular references
Finished creating instance of bean 'org.springframework.context.annotation.ConfigurationClassPostProcessor.importAwareProcessor'
Creating shared instance of singleton bean 'org.springframework.context.annotation.ConfigurationClassPostProcessor.enhancedConfigurationProcessor'
Creating instance of bean 'org.springframework.context.annotation.ConfigurationClassPostProcessor.enhancedConfigurationProcessor'
Eagerly caching bean 'org.springframework.context.annotation.ConfigurationClassPostProcessor.enhancedConfigurationProcessor' to allow for resolving potential circular references
Finished creating instance of bean 'org.springframework.context.annotation.ConfigurationClassPostProcessor.enhancedConfigurationProcessor'
Unable to locate MessageSource with name 'messageSource': using default [org.springframework.context.support.DelegatingMessageSource@3fb088]
Unable to locate ApplicationEventMulticaster with name 'applicationEventMulticaster': using default [org.springframework.context.event.SimpleApplicationEventMulticaster@c47680]
Pre-instantiating singletons in org.springframework.beans.factory.support.DefaultListableBeanFactory@29b46a: defining beans [org.springframework.context.annotation.internalConfigurationAnnotationProcessor,org.springframework.context.annotation.internalAutowiredAnnotationProcessor,org.springframework.context.annotation.internalRequiredAnnotationProcessor,org.springframework.context.annotation.internalCommonAnnotationProcessor,org.springframework.context.annotation.internalPersistenceAnnotationProcessor,props,p:pullsmap,dataSource,getDAOTemplate,SQL0,CreateTables,Truncate,mailSender,GetPages0,ParsePages0,BreakMultiple0,BreakMultiple1,BreakMultiple2,BreakMultiple3,BreakMultiple4,BreakMultiple5,BreakMultiple6,BreakMultiple7,BreakMultiple8,Job0,getImages,EnforceStandards,SpecDump,Email,ActivitiesStack,org.springframework.context.annotation.ConfigurationClassPostProcessor.importAwareProcessor,org.springframework.context.annotation.ConfigurationClassPostProcessor.enhancedConfigurationProcessor]; root of factory hierarchy
Returning cached instance of singleton bean 'org.springframework.context.annotation.internalConfigurationAnnotationProcessor'
Returning cached instance of singleton bean 'org.springframework.context.annotation.internalAutowiredAnnotationProcessor'
Returning cached instance of singleton bean 'org.springframework.context.annotation.internalRequiredAnnotationProcessor'
Returning cached instance of singleton bean 'org.springframework.context.annotation.internalCommonAnnotationProcessor'
Returning cached instance of singleton bean 'org.springframework.context.annotation.internalPersistenceAnnotationProcessor'
Returning cached instance of singleton bean 'props'
Creating shared instance of singleton bean 'p:pullsmap'
Creating instance of bean 'p:pullsmap'
Eagerly caching bean 'p:pullsmap' to allow for resolving potential circular references
Invoking afterPropertiesSet() on bean with name 'p:pullsmap'
Finished creating instance of bean 'p:pullsmap'
Creating shared instance of singleton bean 'dataSource'
Creating instance of bean 'dataSource'
Eagerly caching bean 'dataSource' to allow for resolving potential circular references
Please use setIdleConnectionTestPeriodInMinutes in place of setIdleConnectionTestPeriod. This method has been deprecated.
Please use setIdleMaxAgeInMinutes in place of setIdleMaxAge. This method has been deprecated.
Finished creating instance of bean 'dataSource'
Creating shared instance of singleton bean 'getDAOTemplate'
Creating instance of bean 'getDAOTemplate'
Eagerly caching bean 'getDAOTemplate' to allow for resolving potential circular references
Returning cached instance of singleton bean 'dataSource'
Finished creating instance of bean 'getDAOTemplate'
Creating shared instance of singleton bean 'SQL0'
Creating instance of bean 'SQL0'
Registered injected element on class [com.hygenics.crawler.ExecuteSQL]: ResourceElement for public void com.hygenics.crawler.ExecuteSQL.setTemplate(com.hygenics.crawler.getDAOTemplate)
Eagerly caching bean 'SQL0' to allow for resolving potential circular references
Processing injected method of bean 'SQL0': ResourceElement for public void com.hygenics.crawler.ExecuteSQL.setTemplate(com.hygenics.crawler.getDAOTemplate)
Returning cached instance of singleton bean 'getDAOTemplate'
Finished creating instance of bean 'SQL0'
Creating shared instance of singleton bean 'CreateTables'
Creating instance of bean 'CreateTables'
Registered injected element on class [com.hygenics.crawler.CreateTable]: ResourceElement for public void com.hygenics.crawler.CreateTable.setTemplate(com.hygenics.crawler.getDAOTemplate)
Eagerly caching bean 'CreateTables' to allow for resolving potential circular references
Processing injected method of bean 'CreateTables': ResourceElement for public void com.hygenics.crawler.CreateTable.setTemplate(com.hygenics.crawler.getDAOTemplate)
Returning cached instance of singleton bean 'getDAOTemplate'
Finished creating instance of bean 'CreateTables'
Creating shared instance of singleton bean 'Truncate'
Creating instance of bean 'Truncate'
Registered injected element on class [com.hygenics.crawler.Truncate]: ResourceElement for public void com.hygenics.crawler.Truncate.setTemplate(com.hygenics.crawler.getDAOTemplate)
Eagerly caching bean 'Truncate' to allow for resolving potential circular references
Processing injected method of bean 'Truncate': ResourceElement for public void com.hygenics.crawler.Truncate.setTemplate(com.hygenics.crawler.getDAOTemplate)
Returning cached instance of singleton bean 'getDAOTemplate'
Finished creating instance of bean 'Truncate'
Creating shared instance of singleton bean 'mailSender'
Creating instance of bean 'mailSender'
Eagerly caching bean 'mailSender' to allow for resolving potential circular references
Finished creating instance of bean 'mailSender'
Creating shared instance of singleton bean 'GetPages0'
Creating instance of bean 'GetPages0'
Found init method on class [com.hygenics.crawler.GetPages]: public void com.hygenics.crawler.GetPages.createQueue()
Registered init method on class [com.hygenics.crawler.GetPages]: org.springframework.beans.factory.annotation.InitDestroyAnnotationBeanPostProcessor$LifecycleElement@e1cfc575
Registered injected element on class [com.hygenics.crawler.GetPages]: ResourceElement for public void com.hygenics.crawler.GetPages.setJdbcposter(com.hygenics.crawler.getDAOTemplate)
Eagerly caching bean 'GetPages0' to allow for resolving potential circular references
Processing injected method of bean 'GetPages0': ResourceElement for public void com.hygenics.crawler.GetPages.setJdbcposter(com.hygenics.crawler.getDAOTemplate)
Returning cached instance of singleton bean 'getDAOTemplate'
Returning cached instance of singleton bean 'p:pullsmap'
Invoking init method on bean 'GetPages0': public void com.hygenics.crawler.GetPages.createQueue()
Instantiating Pulls Mapping for GetPages0
Finished Instantiating Pulls Mapping for GetPages0
Finished creating instance of bean 'GetPages0'
Creating shared instance of singleton bean 'ParsePages0'
Creating instance of bean 'ParsePages0'
Registered injected element on class [com.hygenics.crawler.ParseDispatcher]: ResourceElement for public void com.hygenics.crawler.ParseDispatcher.setTemplate(com.hygenics.crawler.getDAOTemplate)
Eagerly caching bean 'ParsePages0' to allow for resolving potential circular references
Processing injected method of bean 'ParsePages0': ResourceElement for public void com.hygenics.crawler.ParseDispatcher.setTemplate(com.hygenics.crawler.getDAOTemplate)
Returning cached instance of singleton bean 'getDAOTemplate'
Finished creating instance of bean 'ParsePages0'
Creating shared instance of singleton bean 'BreakMultiple0'
Creating instance of bean 'BreakMultiple0'
Registered injected element on class [com.hygenics.crawler.BreakMultiple]: ResourceElement for public void com.hygenics.crawler.BreakMultiple.setTemplate(com.hygenics.crawler.getDAOTemplate)
Eagerly caching bean 'BreakMultiple0' to allow for resolving potential circular references
Processing injected method of bean 'BreakMultiple0': ResourceElement for public void com.hygenics.crawler.BreakMultiple.setTemplate(com.hygenics.crawler.getDAOTemplate)
Returning cached instance of singleton bean 'getDAOTemplate'
Finished creating instance of bean 'BreakMultiple0'
Creating shared instance of singleton bean 'BreakMultiple1'
Creating instance of bean 'BreakMultiple1'
Registered injected element on class [com.hygenics.crawler.BreakMultiple]: ResourceElement for public void com.hygenics.crawler.BreakMultiple.setTemplate(com.hygenics.crawler.getDAOTemplate)
Eagerly caching bean 'BreakMultiple1' to allow for resolving potential circular references
Processing injected method of bean 'BreakMultiple1': ResourceElement for public void com.hygenics.crawler.BreakMultiple.setTemplate(com.hygenics.crawler.getDAOTemplate)
Returning cached instance of singleton bean 'getDAOTemplate'
Finished creating instance of bean 'BreakMultiple1'
Creating shared instance of singleton bean 'BreakMultiple2'
Creating instance of bean 'BreakMultiple2'
Registered injected element on class [com.hygenics.crawler.BreakMultiple]: ResourceElement for public void com.hygenics.crawler.BreakMultiple.setTemplate(com.hygenics.crawler.getDAOTemplate)
Eagerly caching bean 'BreakMultiple2' to allow for resolving potential circular references
Processing injected method of bean 'BreakMultiple2': ResourceElement for public void com.hygenics.crawler.BreakMultiple.setTemplate(com.hygenics.crawler.getDAOTemplate)
Returning cached instance of singleton bean 'getDAOTemplate'
Finished creating instance of bean 'BreakMultiple2'
Creating shared instance of singleton bean 'BreakMultiple3'
Creating instance of bean 'BreakMultiple3'
Registered injected element on class [com.hygenics.crawler.BreakMultiple]: ResourceElement for public void com.hygenics.crawler.BreakMultiple.setTemplate(com.hygenics.crawler.getDAOTemplate)
Eagerly caching bean 'BreakMultiple3' to allow for resolving potential circular references
Processing injected method of bean 'BreakMultiple3': ResourceElement for public void com.hygenics.crawler.BreakMultiple.setTemplate(com.hygenics.crawler.getDAOTemplate)
Returning cached instance of singleton bean 'getDAOTemplate'
Finished creating instance of bean 'BreakMultiple3'
Creating shared instance of singleton bean 'BreakMultiple4'
Creating instance of bean 'BreakMultiple4'
Registered injected element on class [com.hygenics.crawler.BreakMultiple]: ResourceElement for public void com.hygenics.crawler.BreakMultiple.setTemplate(com.hygenics.crawler.getDAOTemplate)
Eagerly caching bean 'BreakMultiple4' to allow for resolving potential circular references
Processing injected method of bean 'BreakMultiple4': ResourceElement for public void com.hygenics.crawler.BreakMultiple.setTemplate(com.hygenics.crawler.getDAOTemplate)
Returning cached instance of singleton bean 'getDAOTemplate'
Finished creating instance of bean 'BreakMultiple4'
Creating shared instance of singleton bean 'BreakMultiple5'
Creating instance of bean 'BreakMultiple5'
Registered injected element on class [com.hygenics.crawler.BreakMultiple]: ResourceElement for public void com.hygenics.crawler.BreakMultiple.setTemplate(com.hygenics.crawler.getDAOTemplate)
Eagerly caching bean 'BreakMultiple5' to allow for resolving potential circular references
Processing injected method of bean 'BreakMultiple5': ResourceElement for public void com.hygenics.crawler.BreakMultiple.setTemplate(com.hygenics.crawler.getDAOTemplate)
Returning cached instance of singleton bean 'getDAOTemplate'
Finished creating instance of bean 'BreakMultiple5'
Creating shared instance of singleton bean 'BreakMultiple6'
Creating instance of bean 'BreakMultiple6'
Registered injected element on class [com.hygenics.crawler.BreakMultiple]: ResourceElement for public void com.hygenics.crawler.BreakMultiple.setTemplate(com.hygenics.crawler.getDAOTemplate)
Eagerly caching bean 'BreakMultiple6' to allow for resolving potential circular references
Processing injected method of bean 'BreakMultiple6': ResourceElement for public void com.hygenics.crawler.BreakMultiple.setTemplate(com.hygenics.crawler.getDAOTemplate)
Returning cached instance of singleton bean 'getDAOTemplate'
Finished creating instance of bean 'BreakMultiple6'
Creating shared instance of singleton bean 'BreakMultiple7'
Creating instance of bean 'BreakMultiple7'
Registered injected element on class [com.hygenics.crawler.BreakMultiple]: ResourceElement for public void com.hygenics.crawler.BreakMultiple.setTemplate(com.hygenics.crawler.getDAOTemplate)
Eagerly caching bean 'BreakMultiple7' to allow for resolving potential circular references
Processing injected method of bean 'BreakMultiple7': ResourceElement for public void com.hygenics.crawler.BreakMultiple.setTemplate(com.hygenics.crawler.getDAOTemplate)
Returning cached instance of singleton bean 'getDAOTemplate'
Finished creating instance of bean 'BreakMultiple7'
Creating shared instance of singleton bean 'BreakMultiple8'
Creating instance of bean 'BreakMultiple8'
Registered injected element on class [com.hygenics.crawler.BreakMultiple]: ResourceElement for public void com.hygenics.crawler.BreakMultiple.setTemplate(com.hygenics.crawler.getDAOTemplate)
Eagerly caching bean 'BreakMultiple8' to allow for resolving potential circular references
Processing injected method of bean 'BreakMultiple8': ResourceElement for public void com.hygenics.crawler.BreakMultiple.setTemplate(com.hygenics.crawler.getDAOTemplate)
Returning cached instance of singleton bean 'getDAOTemplate'
Finished creating instance of bean 'BreakMultiple8'
Creating shared instance of singleton bean 'Job0'
Creating instance of bean 'Job0'
Destroying singletons in org.springframework.beans.factory.support.DefaultListableBeanFactory@29b46a: defining beans [org.springframework.context.annotation.internalConfigurationAnnotationProcessor,org.springframework.context.annotation.internalAutowiredAnnotationProcessor,org.springframework.context.annotation.internalRequiredAnnotationProcessor,org.springframework.context.annotation.internalCommonAnnotationProcessor,org.springframework.context.annotation.internalPersistenceAnnotationProcessor,props,p:pullsmap,dataSource,getDAOTemplate,SQL0,CreateTables,Truncate,mailSender,GetPages0,ParsePages0,BreakMultiple0,BreakMultiple1,BreakMultiple2,BreakMultiple3,BreakMultiple4,BreakMultiple5,BreakMultiple6,BreakMultiple7,BreakMultiple8,Job0,getImages,EnforceStandards,SpecDump,Email,ActivitiesStack,org.springframework.context.annotation.ConfigurationClassPostProcessor.importAwareProcessor,org.springframework.context.annotation.ConfigurationClassPostProcessor.enhancedConfigurationProcessor]; root of factory hierarchy
Invoking destroy method 'close' on bean with name 'dataSource'
Invoking destroy() on bean with name 'p:pullsmap'
